è¿æ¥æˆåŠŸï¼
[0mGET /api/delete?ids=123 [32m200 [0m1327.701 ms - 2870[0m
è¿æ¥æˆåŠŸï¼
[0mGET /api/findall [32m200 [0m1261.093 ms - 2870[0m
è¿æ¥æˆåŠŸï¼
[]
[0mGET /api/check?idsMore=123 [32m200 [0m1010.343 ms - 3[0m
è¿æ¥æˆåŠŸï¼
[]
[0mGET /api/check?idsMore=123 [32m200 [0m1007.593 ms - 3[0m
è¿æ¥æˆåŠŸï¼
[]
[0mGET /api/check?idsMore=123 [32m200 [0m1057.689 ms - 3[0m
è¿æ¥æˆåŠŸï¼
[0mGET /api/insert?data=%7B%22idsMore%22:%22123%22,%22numsMore%22:%22123%22,%22nameMore%22:%22123%22,%22titleMore%22:%22123%22,%22priceMore%22:%22123%22,%22imgMore%22:%22123%22%7D [32m200 [0m1032.454 ms - 2980[0m
è¿æ¥æˆåŠŸï¼
[0mGET /api/delete?ids=123 [32m200 [0m1025.022 ms - 2870[0m
è¿æ¥æˆåŠŸï¼
[0mGET /api/findall [32m200 [0m1542.682 ms - 2870[0m
è¿æ¥æˆåŠŸï¼
[]
[0mGET /api/check?idsMore=12 [32m200 [0m1027.506 ms - 3[0m
è¿æ¥æˆåŠŸï¼
[ { _id: 5bcd7dd8042eaa1c64e05eb8,
    ids: 1,
    nums: 123,
    name: 'æ‰‹åŠ',
    title: 'ç”·å­çœŸçš„å¾ˆæ½®æµé‹',
    price: 666,
    imgUrl: 'https://img11.static.yhbimg.com/goodsimg/2018/07/31/13/019445cd91cfa99019d7c220eb2376054f.jpg?imageMogr2/thumbnail/235x314/position/center/quality/60/format/webp',
    hot: 3335 } ]
[0mGET /api/check?idsMore=1 [32m200 [0m1046.755 ms - 2[0m
è¿æ¥æˆåŠŸï¼
[ { _id: 5bcd7dd8042eaa1c64e05eb8,
    ids: 1,
    nums: 123,
    name: 'æ‰‹åŠ',
    title: 'ç”·å­çœŸçš„å¾ˆæ½®æµé‹',
    price: 666,
    imgUrl: 'https://img11.static.yhbimg.com/goodsimg/2018/07/31/13/019445cd91cfa99019d7c220eb2376054f.jpg?imageMogr2/thumbnail/235x314/position/center/quality/60/format/webp',
    hot: 3335 } ]
[0mGET /api/check?idsMore=1 [32m200 [0m1034.898 ms - 2[0m
è¿æ¥æˆåŠŸï¼
[]
[0mGET /api/check?idsMore=12 [32m200 [0m1012.370 ms - 3[0m
è¿æ¥æˆåŠŸï¼
[ { _id: 5bcd7dd8042eaa1c64e05ebc,
    ids: 5,
    nums: 89,
    name: 'æ‰‹åŠ',
    title: 'NIKE PG2 HHHH',
    price: 899,
    imgUrl: 'https://img12.static.yhbimg.com/goodsimg/2017/12/21/16/02c8b9535eebc7fa220b808128adc02da3.jpg?imageMogr2/thumbnail/235x314/position/center/quality/60/format/webp',
    hot: 283876 } ]
[0mGET /api/check?idsMore=5 [32m200 [0m1016.224 ms - 2[0m
è¿æ¥æˆåŠŸï¼
[]
[0mGET /api/check?idsMore=11 [32m200 [0m1009.832 ms - 3[0m
è¿æ¥æˆåŠŸ!
[0mGET /api/upadata?data=%7B%22ids%22:%222%22,%22title%22:%22%E4%B8%AD%E5%9B%BD%E6%9D%8E%E5%AE%81+%E5%B7%B4%E9%BB%8E%E6%97%B6%E8%A3%85%E5%91%A8%E8%B5%B0%E7%A7%80%E5%90%8C%E6%AC%BE+MIN+II+PLAYTFORM+%E7%94%B7%E5%AD%90%E6%BD%AE%E6%B5%81%E9%9E%8B%22,%22price%22:699,%22nums%22:10,%22hot%22:223434%7D [32m200 [0m1094.009 ms - 2870[0m
è¿æ¥æˆåŠŸï¼
[0mGET /api/findall [36m304 [0m1016.016 ms - -[0m
è¿æ¥æˆåŠŸï¼
[0mGET /api/findall [36m304 [0m1021.615 ms - -[0m
è¿æ¥æˆåŠŸï¼
[0mGET /api/sort?change=false&boom=price [32m200 [0m1023.361 ms - 2870[0m
è¿æ¥æˆåŠŸï¼
[0mGET /api/sort?change=true&boom=price [32m200 [0m1029.319 ms - 2870[0m
[0mGET /api/findall [0m- [0m- ms - -[0m
è¿æ¥æˆåŠŸï¼
è¿æ¥æˆåŠŸï¼
[0mGET /api/findall [32m200 [0m1014.724 ms - 2870[0m
è¿æ¥æˆåŠŸï¼
[0mGET /api/findall [36m304 [0m1012.168 ms - -[0m
è¿æ¥æˆåŠŸï¼
[0mGET /api/findall [36m304 [0m1080.126 ms - -[0m
è¿æ¥æˆåŠŸï¼
[0mGET /api/findall [36m304 [0m1013.266 ms - -[0m
è¿æ¥æˆåŠŸï¼
[0mGET /api/findall [36m304 [0m1034.093 ms - -[0m
è¿æ¥æˆåŠŸï¼
[0mGET /api/findall [36m304 [0m1027.238 ms - -[0m
è¿æ¥æˆåŠŸï¼
[0mGET /api/findall [36m304 [0m1023.111 ms - -[0m
è¿æ¥æˆåŠŸï¼
[0mGET /api/findall [36m304 [0m1038.368 ms - -[0m
è¿æ¥æˆåŠŸï¼
[0mGET /api/findall [36m304 [0m1034.038 ms - -[0m
è¿æ¥æˆåŠŸï¼
[0mGET /api/findall [36m304 [0m1012.297 ms - -[0m
è¿æ¥æˆåŠŸï¼
[0mGET /api/findall [36m304 [0m1022.263 ms - -[0m
è¿æ¥æˆåŠŸï¼
[0mGET /api/findall [36m304 [0m1018.564 ms - -[0m
è¿æ¥æˆåŠŸï¼
[0mGET /api/findall [36m304 [0m1034.120 ms - -[0m
è¿æ¥æˆåŠŸï¼
[0mGET /api/findall [32m200 [0m1158.921 ms - 2870[0m
è¿æ¥æˆåŠŸï¼
[0mGET /api/findall [36m304 [0m1064.726 ms - -[0m
è¿æ¥æˆåŠŸï¼
[0mGET /api/findall [36m304 [0m1017.994 ms - -[0m
è¿æ¥æˆåŠŸï¼
[0mGET /api/findall [36m304 [0m1013.484 ms - -[0m
è¿æ¥æˆåŠŸï¼
[0mGET /api/findall [32m200 [0m1023.502 ms - 2870[0m
è¿æ¥æˆåŠŸï¼
[0mGET /api/findall [32m200 [0m1027.587 ms - 2870[0m
è¿æ¥æˆåŠŸï¼
[0mGET /api/findall [32m200 [0m1019.546 ms - 2870[0m
è¿æ¥æˆåŠŸï¼
[0mGET /api/findall [32m200 [0m1410.769 ms - 2870[0m
è¿æ¥æˆåŠŸï¼
[0mGET /api/findall [32m200 [0m1092.091 ms - 2870[0m
è¿æ¥æˆåŠŸï¼
[0mGET /api/findall [32m200 [0m1193.038 ms - 2870[0m
è¿æ¥æˆåŠŸï¼
[0mGET /api/findall [32m200 [0m1211.145 ms - 2870[0m
è¿æ¥æˆåŠŸï¼
[0mGET /api/findall [32m200 [0m999.878 ms - 2870[0m
è¿æ¥æˆåŠŸï¼
[0mGET /api/findall [32m200 [0m1039.077 ms - 2870[0m
è¿æ¥æˆåŠŸï¼
[0mGET /api/sort?change=false&boom=hot [32m200 [0m1014.540 ms - 2870[0m
è¿æ¥æˆåŠŸï¼
[0mGET /api/findall [32m200 [0m1038.232 ms - 2870[0m
è¿æ¥æˆåŠŸï¼
[0mGET /api/findall [32m200 [0m1447.704 ms - 2870[0m
è¿æ¥æˆåŠŸï¼
[0mGET /api/findall [32m200 [0m1251.172 ms - 2870[0m
è¿æ¥æˆåŠŸï¼
[0mGET /api/findall [32m200 [0m1425.088 ms - 2870[0m
è¿æ¥æˆåŠŸï¼
[0mGET /api/findall [32m200 [0m1009.092 ms - 2870[0m
è¿æ¥æˆåŠŸï¼
[0mGET /api/findall [32m200 [0m1061.506 ms - 2870[0m
è¿æ¥æˆåŠŸï¼
[0mGET /api/findall [32m200 [0m1014.733 ms - 2870[0m
è¿æ¥æˆåŠŸï¼
[0mGET /api/findall [36m304 [0m1005.550 ms - -[0m
è¿æ¥æˆåŠŸï¼
[0mGET /api/findall [36m304 [0m1012.819 ms - -[0m
è¿æ¥æˆåŠŸï¼
[0mGET /api/findall [36m304 [0m1049.835 ms - -[0m
è¿æ¥æˆåŠŸï¼
[0mGET /api/findall [36m304 [0m1031.766 ms - -[0m
è¿æ¥æˆåŠŸï¼
[0mGET /api/findall [36m304 [0m1014.963 ms - -[0m
è¿æ¥æˆåŠŸ!
[0mGET /api/upadata?data=%7B%22ids%22:%222%22,%22title%22:%22%E4%B8%AD%E5%9B%BD%E6%9D%8E%E5%AE%81+%E5%B7%B4%E9%BB%8E%E6%97%B6%E8%A3%85%E5%91%A8%E8%B5%B0%E7%A7%80%E5%90%8C%E6%AC%BE+MIN+II+PLAYTFORM+%E7%94%B7%E5%AD%90%E6%BD%AE%E6%B5%81%E9%9E%8B%22,%22price%22:699,%22nums%22:10,%22hot%22:223434%7D [36m304 [0m1023.582 ms - -[0m
è¿æ¥æˆåŠŸï¼
[0mGET /api/findall [36m304 [0m1003.490 ms - -[0m
è¿æ¥æˆåŠŸï¼
[0mGET /api/findall [36m304 [0m1027.025 ms - -[0m
è¿æ¥æˆåŠŸï¼
[0mGET /api/sort?change=false&boom=hot [36m304 [0m1058.048 ms - -[0m
è¿æ¥æˆåŠŸ!
[0mGET /api/upadata?data=%7B%22ids%22:%225%22,%22title%22:%22NIKE+PG2+HHHH%22,%22price%22:899,%22nums%22:89,%22hot%22:283876%7D [32m200 [0m1047.358 ms - 2870[0m
è¿æ¥æˆåŠŸï¼
[0mGET /api/findall [36m304 [0m1025.789 ms - -[0m
è¿æ¥æˆåŠŸï¼
[0mGET /api/findall [36m304 [0m1023.277 ms - -[0m
è¿æ¥æˆåŠŸ!
[0mGET /api/upadata?data=%7B%22ids%22:%221%22,%22title%22:%22%E7%94%B7%E5%AD%90%E7%9C%9F%E7%9A%84%E5%BE%88%E6%BD%AE%E6%B5%81%E9%9E%8B%22,%22price%22:666,%22nums%22:123,%22hot%22:3335%7D [32m200 [0m1007.893 ms - 2870[0m
è¿æ¥æˆåŠŸï¼
[0mGET /api/findall [36m304 [0m1136.923 ms - -[0m
è¿æ¥æˆåŠŸï¼
[0mGET /api/findall [36m304 [0m1023.770 ms - -[0m
è¿æ¥æˆåŠŸï¼
[0mGET /api/findall [36m304 [0m1014.184 ms - -[0m
è¿æ¥æˆåŠŸï¼
[0mGET /api/findall [36m304 [0m1043.822 ms - -[0m
è¿æ¥æˆåŠŸï¼
[0mGET /api/findall [36m304 [0m1013.698 ms - -[0m
è¿æ¥æˆåŠŸï¼
[0mGET /api/sort?change=false&boom=hot [36m304 [0m1024.725 ms - -[0m
è¿æ¥æˆåŠŸï¼
[0mGET /api/findall [36m304 [0m1019.163 ms - -[0m
è¿æ¥æˆåŠŸï¼
[0mGET /api/findall [36m304 [0m1033.555 ms - -[0m
è¿æ¥æˆåŠŸï¼
[0mGET /api/findall [36m304 [0m1036.076 ms - -[0m
è¿æ¥æˆåŠŸï¼
[0mGET /api/findall [36m304 [0m1052.030 ms - -[0m
è¿æ¥æˆåŠŸï¼
[0mGET /api/findall [36m304 [0m1017.878 ms - -[0m
è¿æ¥æˆåŠŸ!
[0mGET /api/upadata?data=%7B%22ids%22:%221%22,%22title%22:%22%E7%94%B7%E5%AD%90%E7%9C%9F%E7%9A%84%E5%BE%88%E6%BD%AE%E6%B5%81%E9%9E%8B%22,%22price%22:666,%22nums%22:123,%22hot%22:3335%7D [36m304 [0m1008.482 ms - -[0m
